TN:
SF:config.js
FNF:0
FNH:0
DA:1,3
DA:3,3
LF:2
LH:2
BRDA:5,0,0,3
BRDA:5,0,1,0
BRDA:11,1,0,3
BRDA:11,1,1,0
BRDA:16,2,0,3
BRDA:16,2,1,0
BRDA:19,3,0,3
BRDA:19,3,1,0
BRDA:20,4,0,3
BRDA:20,4,1,0
BRDA:21,5,0,3
BRDA:21,5,1,0
BRF:12
BRH:6
end_of_record
TN:
SF:database.js
FN:9,initDatabase
FN:10,(anonymous_1)
FN:17,(anonymous_2)
FN:23,(anonymous_3)
FN:35,getDatabase
FN:41,run
FN:42,(anonymous_6)
FN:43,(anonymous_7)
FN:50,get
FN:51,(anonymous_9)
FN:52,(anonymous_10)
FN:59,all
FN:60,(anonymous_12)
FN:61,(anonymous_13)
FNF:14
FNH:13
FNDA:1,initDatabase
FNDA:1,(anonymous_1)
FNDA:1,(anonymous_2)
FNDA:1,(anonymous_3)
FNDA:0,getDatabase
FNDA:11,run
FNDA:11,(anonymous_6)
FNDA:11,(anonymous_7)
FNDA:12,get
FNDA:12,(anonymous_9)
FNDA:11,(anonymous_10)
FNDA:5,all
FNDA:5,(anonymous_12)
FNDA:5,(anonymous_13)
DA:1,4
DA:2,4
DA:3,4
DA:5,4
DA:7,4
DA:10,1
DA:12,1
DA:13,1
DA:14,0
DA:17,1
DA:18,1
DA:20,1
DA:22,1
DA:23,1
DA:24,1
DA:26,1
DA:27,1
DA:36,0
DA:37,0
DA:42,11
DA:43,11
DA:44,11
DA:45,10
DA:51,12
DA:52,12
DA:53,11
DA:54,11
DA:60,5
DA:61,5
DA:62,5
DA:63,5
DA:68,4
LF:32
LH:29
BRDA:5,0,0,4
BRDA:5,0,1,3
BRDA:13,1,0,0
BRDA:13,1,1,1
BRDA:18,2,0,0
BRDA:18,2,1,1
BRDA:24,3,0,0
BRDA:24,3,1,1
BRDA:36,4,0,0
BRDA:36,4,1,0
BRDA:41,5,0,0
BRDA:44,6,0,1
BRDA:44,6,1,10
BRDA:50,7,0,0
BRDA:53,8,0,0
BRDA:53,8,1,11
BRDA:59,9,0,0
BRDA:62,10,0,0
BRDA:62,10,1,5
BRDA:63,11,0,5
BRDA:63,11,1,0
BRF:21
BRH:10
end_of_record
TN:
SF:api\comparison.js
FN:45,(anonymous_0)
FN:53,(anonymous_1)
FNF:2
FNH:2
FNDA:4,(anonymous_0)
FNDA:8,(anonymous_1)
DA:1,1
DA:2,1
DA:5,1
DA:45,1
DA:46,4
DA:47,4
DA:49,4
DA:50,2
DA:53,8
DA:55,2
DA:64,0
DA:68,1
LF:12
LH:11
BRDA:49,0,0,2
BRDA:49,0,1,2
BRDA:49,1,0,4
BRDA:49,1,1,3
BRF:4
BRH:4
end_of_record
TN:
SF:api\leads.js
FN:9,(anonymous_0)
FN:52,(anonymous_1)
FN:57,(anonymous_2)
FN:75,(anonymous_3)
FN:88,(anonymous_4)
FNF:5
FNH:3
FNDA:4,(anonymous_0)
FNDA:0,(anonymous_1)
FNDA:0,(anonymous_2)
FNDA:2,(anonymous_3)
FNDA:1,(anonymous_4)
DA:1,1
DA:2,1
DA:3,1
DA:4,1
DA:5,1
DA:6,1
DA:9,1
DA:10,4
DA:11,4
DA:14,4
DA:15,1
DA:19,3
DA:25,2
DA:28,2
DA:35,2
DA:38,2
DA:41,2
DA:52,2
DA:53,0
DA:57,2
DA:58,0
DA:61,2
DA:69,1
DA:70,1
DA:75,1
DA:76,2
DA:77,2
DA:78,2
DA:79,1
DA:81,1
DA:83,0
DA:88,1
DA:89,1
DA:90,1
DA:91,1
DA:92,1
DA:94,1
DA:95,0
DA:96,0
DA:98,1
DA:99,0
DA:100,0
DA:103,1
DA:104,1
DA:106,1
DA:107,1
DA:109,0
DA:113,1
LF:48
LH:40
BRDA:14,0,0,1
BRDA:14,0,1,3
BRDA:14,1,0,4
BRDA:14,1,1,3
BRDA:22,2,0,3
BRDA:22,2,1,0
BRDA:22,3,0,3
BRDA:22,3,1,0
BRDA:22,4,0,3
BRDA:22,4,1,2
BRDA:22,5,0,3
BRDA:22,5,1,2
BRDA:22,6,0,3
BRDA:22,6,1,2
BRDA:22,7,0,3
BRDA:22,7,1,2
BRDA:29,8,0,2
BRDA:29,8,1,0
BRDA:30,9,0,2
BRDA:30,9,1,1
BRDA:31,10,0,2
BRDA:31,10,1,1
BRDA:32,11,0,2
BRDA:32,11,1,1
BRDA:33,12,0,2
BRDA:33,12,1,1
BRDA:46,13,0,2
BRDA:46,13,1,1
BRDA:47,14,0,2
BRDA:47,14,1,1
BRDA:48,15,0,2
BRDA:48,15,1,1
BRDA:49,16,0,2
BRDA:49,16,1,1
BRDA:78,17,0,1
BRDA:78,17,1,1
BRDA:90,18,0,1
BRDA:90,19,0,1
BRDA:94,20,0,0
BRDA:94,20,1,1
BRDA:98,21,0,0
BRDA:98,21,1,1
BRF:42
BRH:37
end_of_record
TN:
SF:services\automation.js
FN:6,(anonymous_0)
FN:15,(anonymous_1)
FN:71,(anonymous_2)
FN:83,(anonymous_3)
FN:141,(anonymous_4)
FN:152,(anonymous_5)
FN:209,(anonymous_6)
FN:220,(anonymous_7)
FN:283,(anonymous_8)
FN:306,(anonymous_9)
FN:308,(anonymous_10)
FNF:11
FNH:6
FNDA:2,(anonymous_0)
FNDA:2,(anonymous_1)
FNDA:2,(anonymous_2)
FNDA:0,(anonymous_3)
FNDA:2,(anonymous_4)
FNDA:0,(anonymous_5)
FNDA:1,(anonymous_6)
FNDA:0,(anonymous_7)
FNDA:2,(anonymous_8)
FNDA:0,(anonymous_9)
FNDA:0,(anonymous_10)
DA:1,2
DA:2,2
DA:3,2
DA:7,2
DA:16,2
DA:17,2
DA:19,2
DA:20,0
DA:21,0
DA:25,2
DA:26,0
DA:27,0
DA:31,2
DA:36,2
DA:37,0
DA:38,0
DA:41,2
DA:44,2
DA:47,0
DA:53,0
DA:55,2
DA:58,2
DA:72,2
DA:73,2
DA:75,2
DA:76,0
DA:79,2
DA:80,2
DA:83,2
DA:84,0
DA:86,0
DA:91,0
DA:92,0
DA:93,0
DA:96,0
DA:98,0
DA:100,0
DA:106,0
DA:107,0
DA:109,0
DA:111,0
DA:117,0
DA:121,2
DA:124,2
DA:130,2
DA:132,0
DA:142,2
DA:143,2
DA:145,1
DA:146,0
DA:149,1
DA:150,1
DA:152,1
DA:153,0
DA:155,0
DA:160,0
DA:161,0
DA:162,0
DA:165,0
DA:167,0
DA:169,0
DA:175,0
DA:176,0
DA:178,0
DA:180,0
DA:186,0
DA:190,1
DA:192,1
DA:198,1
DA:200,0
DA:210,1
DA:211,1
DA:213,1
DA:214,0
DA:217,1
DA:218,1
DA:220,1
DA:221,0
DA:223,0
DA:228,0
DA:229,0
DA:230,0
DA:233,0
DA:235,0
DA:238,0
DA:243,0
DA:249,0
DA:250,0
DA:252,0
DA:254,0
DA:260,0
DA:264,1
DA:266,1
DA:272,1
DA:274,0
DA:284,2
DA:285,2
DA:288,2
DA:291,2
DA:292,2
DA:293,1
DA:295,1
DA:297,0
DA:307,0
DA:308,0
DA:310,0
DA:311,0
DA:312,0
DA:313,0
DA:314,0
DA:315,0
DA:319,0
DA:320,0
DA:323,0
DA:328,2
LF:115
LH:49
BRDA:19,0,0,0
BRDA:19,0,1,2
BRDA:25,1,0,0
BRDA:25,1,1,2
BRDA:25,2,0,2
BRDA:25,2,1,2
BRDA:36,3,0,0
BRDA:36,3,1,2
BRDA:75,4,0,0
BRDA:75,4,1,2
BRDA:75,5,0,2
BRDA:75,5,1,2
BRDA:75,5,2,2
BRDA:91,6,0,0
BRDA:91,6,1,0
BRDA:145,7,0,0
BRDA:145,7,1,1
BRDA:145,8,0,1
BRDA:145,8,1,1
BRDA:145,8,2,1
BRDA:160,9,0,0
BRDA:160,9,1,0
BRDA:213,10,0,0
BRDA:213,10,1,1
BRDA:213,11,0,1
BRDA:213,11,1,1
BRDA:213,11,2,1
BRDA:228,12,0,0
BRDA:228,12,1,0
BRDA:312,13,0,0
BRDA:312,13,1,0
BRDA:319,14,0,0
BRDA:319,14,1,0
BRF:33
BRH:17
end_of_record
TN:
SF:services\crm.js
FN:4,(anonymous_0)
FN:14,(anonymous_1)
FN:72,(anonymous_2)
FN:118,(anonymous_3)
FNF:4
FNH:2
FNDA:1,(anonymous_0)
FNDA:2,(anonymous_1)
FNDA:0,(anonymous_2)
FNDA:0,(anonymous_3)
DA:1,1
DA:5,1
DA:6,1
DA:15,2
DA:16,2
DA:34,2
DA:35,2
DA:36,2
DA:43,0
DA:50,0
DA:51,0
DA:57,0
DA:58,0
DA:73,0
DA:74,0
DA:75,0
DA:76,0
DA:84,0
DA:95,0
DA:96,0
DA:103,0
DA:104,0
DA:119,0
DA:120,0
DA:121,0
DA:122,0
DA:129,0
DA:140,0
DA:141,0
DA:147,0
DA:148,0
DA:157,1
LF:32
LH:9
BRDA:5,0,0,1
BRDA:5,0,1,1
BRDA:6,1,0,1
BRDA:6,1,1,1
BRDA:17,2,0,2
BRDA:17,2,1,0
BRDA:18,3,0,2
BRDA:18,3,1,0
BRDA:20,4,0,2
BRDA:20,4,1,0
BRDA:21,5,0,2
BRDA:21,5,1,0
BRDA:22,6,0,2
BRDA:22,6,1,0
BRDA:23,7,0,2
BRDA:23,7,1,0
BRDA:34,8,0,2
BRDA:34,8,1,0
BRDA:74,9,0,0
BRDA:74,9,1,0
BRDA:120,10,0,0
BRDA:120,10,1,0
BRF:22
BRH:11
end_of_record
TN:
SF:services\leadScoring.js
FN:18,(anonymous_0)
FN:63,(anonymous_1)
FN:79,(anonymous_2)
FNF:3
FNH:3
FNDA:24,(anonymous_0)
FNDA:25,(anonymous_1)
FNDA:8,(anonymous_2)
DA:1,2
DA:19,24
DA:22,24
DA:23,23
DA:24,23
DA:28,24
DA:29,24
DA:31,24
DA:32,11
DA:35,11
DA:40,6
DA:45,24
DA:46,9
DA:50,24
DA:51,6
DA:55,24
DA:64,25
DA:65,9
DA:66,16
DA:67,8
DA:69,8
DA:80,8
DA:81,8
DA:83,8
DA:88,7
DA:90,7
DA:96,1
DA:97,1
DA:102,2
LF:29
LH:29
BRDA:22,0,0,23
BRDA:22,0,1,1
BRDA:22,1,0,24
BRDA:22,1,1,23
BRDA:28,2,0,24
BRDA:28,2,1,12
BRDA:29,3,0,24
BRDA:29,3,1,12
BRDA:31,4,0,11
BRDA:31,4,1,13
BRDA:31,5,0,24
BRDA:31,5,1,13
BRDA:35,6,0,6
BRDA:35,6,1,5
BRDA:36,7,0,11
BRDA:36,7,1,11
BRDA:36,7,2,11
BRDA:45,8,0,9
BRDA:45,8,1,15
BRDA:50,9,0,6
BRDA:50,9,1,18
BRDA:64,10,0,9
BRDA:64,10,1,16
BRDA:66,11,0,8
BRDA:66,11,1,8
BRF:25
BRH:25
end_of_record
TN:
SF:services\whatsapp.js
FN:6,(anonymous_0)
FN:20,(anonymous_1)
FN:59,(anonymous_2)
FN:78,(anonymous_3)
FN:104,(anonymous_4)
FN:140,(anonymous_5)
FNF:6
FNH:3
FNDA:3,(anonymous_0)
FNDA:2,(anonymous_1)
FNDA:0,(anonymous_2)
FNDA:0,(anonymous_3)
FNDA:1,(anonymous_4)
FNDA:0,(anonymous_5)
DA:1,3
DA:2,3
DA:3,3
DA:7,3
DA:8,3
DA:9,3
DA:10,3
DA:11,3
DA:21,2
DA:22,2
DA:23,0
DA:26,2
DA:27,2
DA:37,2
DA:44,0
DA:45,0
DA:47,2
DA:48,2
DA:60,0
DA:61,0
DA:62,0
DA:65,0
DA:66,0
DA:78,0
DA:84,0
DA:91,0
DA:92,0
DA:94,0
DA:95,0
DA:105,1
DA:106,1
DA:107,0
DA:110,1
DA:111,1
DA:113,1
DA:114,1
DA:115,1
DA:116,1
DA:118,1
DA:119,0
DA:120,0
DA:121,0
DA:124,0
DA:129,0
DA:141,0
DA:143,0
DA:145,0
DA:146,0
DA:147,0
DA:150,0
DA:156,0
DA:161,3
LF:52
LH:25
BRDA:22,0,0,0
BRDA:22,0,1,2
BRDA:22,1,0,2
BRDA:22,1,1,2
BRDA:59,2,0,0
BRDA:61,3,0,0
BRDA:61,3,1,0
BRDA:61,4,0,0
BRDA:61,4,1,0
BRDA:75,5,0,0
BRDA:75,5,1,0
BRDA:106,6,0,0
BRDA:106,6,1,1
BRDA:106,7,0,1
BRDA:106,7,1,1
BRDA:111,8,0,1
BRDA:111,8,1,0
BRDA:114,9,0,1
BRDA:114,9,1,0
BRDA:116,10,0,1
BRDA:116,10,1,0
BRDA:120,11,0,0
BRDA:120,11,1,0
BRDA:145,12,0,0
BRDA:145,12,1,0
BRF:25
BRH:9
end_of_record
